<?xml version="1.0" encoding="UTF-8"?>
<!-- Generated by org.testng.reporters.JUnitReportReporter -->
<testsuite hostname="PSDTP002" failures="0" tests="3" name="com.test.NKDALoginTest" time="85.399" errors="0" timestamp="2024-05-15T15:17:43 IST" skipped="0">
  <testcase classname="com.test.NKDALoginTest" name="loginPageTest" time="22.214"/>
  <testcase classname="com.test.NKDALoginTest" name="loginTest" time="17.352"/>
  <testcase classname="com.test.NKDALoginTest" name="sampleCase" time="45.833"/>
</testsuite> <!-- com.test.NKDALoginTest -->
