<?xml version="1.0" encoding="UTF-8"?>
<!-- Generated by org.testng.reporters.JUnitReportReporter -->
<testsuite hostname="PSDTP002" failures="0" tests="2" name="com.test.NKDALoginTest" time="51.836" errors="0" timestamp="2024-05-17T12:13:05 IST" skipped="0">
  <testcase classname="com.test.NKDALoginTest" name="loginPageTest" time="23.203"/>
  <testcase classname="com.test.NKDALoginTest" name="loginTest" time="28.633"/>
</testsuite> <!-- com.test.NKDALoginTest -->
