<?xml version="1.0" encoding="UTF-8"?>
<!-- Generated by org.testng.reporters.JUnitReportReporter -->
<testsuite hostname="PSDTP002" failures="0" tests="3" name="com.test.NKDALoginTest" time="62.085" errors="0" timestamp="2024-05-14T13:05:26 IST" skipped="0">
  <testcase classname="com.test.NKDALoginTest" name="loginTest" time="18.200"/>
  <testcase classname="com.test.NKDALoginTest" name="sampleCase" time="10.326"/>
  <testcase classname="com.test.NKDALoginTest" name="loginPageTest" time="33.559"/>
</testsuite> <!-- com.test.NKDALoginTest -->
